<?xml version="1.0" encoding="UTF-8"?>
<!-- Generated by org.testng.reporters.JUnitReportReporter -->
<testsuite hostname="DESKTOP-68EFSAS" failures="0" tests="1" name="thSeptember.Grotech29thSeptember.AppTest" time="0.007" errors="0" timestamp="2023-11-07T12:43:48 IST" skipped="0">
  <testcase classname="thSeptember.Grotech29thSeptember.AppTest" name="shouldAnswerWithTrue" time="0.007"/>
  <system-out/>
</testsuite> <!-- thSeptember.Grotech29thSeptember.AppTest -->
